/!\ FAILSAFE /!\  Thu Sep 16 10:16:41 +0200 2010
  Status: 500 Internal Server Error
  no such file to load -- mysql
    /usr/lib/jruby//lib/ruby/site_ruby/1.8/rubygems/custom_require.rb:31:in `require'
    /usr/lib/jruby//lib/ruby/site_ruby/1.8/rubygems/custom_require.rb:31:in `require'
    /usr/lib/jruby/lib/ruby/gems/1.8/gems/activesupport-2.3.8/lib/active_support/dependencies.rb:156:in `require'
    /usr/lib/jruby/lib/ruby/gems/1.8/gems/activesupport-2.3.8/lib/active_support/dependencies.rb:521:in `new_constants_in'
    /usr/lib/jruby/lib/ruby/gems/1.8/gems/activesupport-2.3.8/lib/active_support/dependencies.rb:156:in `require'
    /usr/lib/jruby/lib/ruby/gems/1.8/gems/activesupport-2.3.8/lib/active_support/core_ext/kernel/requires.rb:7:in `require_library_or_gem'
    /usr/lib/jruby/lib/ruby/gems/1.8/gems/activesupport-2.3.8/lib/active_support/core_ext/kernel/reporting.rb:11:in `silence_warnings'
    /usr/lib/jruby/lib/ruby/gems/1.8/gems/activesupport-2.3.8/lib/active_support/core_ext/kernel/requires.rb:5:in `require_library_or_gem'
    /usr/lib/jruby/lib/ruby/gems/1.8/gems/activerecord-2.3.8/lib/active_record/connection_adapters/mysql_adapter.rb:61:in `mysql_connection'
    /usr/lib/jruby/lib/ruby/gems/1.8/gems/activerecord-2.3.8/lib/active_record/connection_adapters/abstract/connection_pool.rb:223:in `new_connection'
    /usr/lib/jruby/lib/ruby/gems/1.8/gems/activerecord-2.3.8/lib/active_record/connection_adapters/abstract/connection_pool.rb:245:in `checkout_new_connection'
    /usr/lib/jruby/lib/ruby/gems/1.8/gems/activerecord-2.3.8/lib/active_record/connection_adapters/abstract/connection_pool.rb:188:in `checkout'
    /usr/lib/jruby/lib/ruby/gems/1.8/gems/activerecord-2.3.8/lib/active_record/connection_adapters/abstract/connection_pool.rb:184:in `loop'
    /usr/lib/jruby/lib/ruby/gems/1.8/gems/activerecord-2.3.8/lib/active_record/connection_adapters/abstract/connection_pool.rb:184:in `checkout'
    /usr/lib/jruby//lib/ruby/1.8/monitor.rb:242:in `mon_synchronize'
    /usr/lib/jruby/lib/ruby/gems/1.8/gems/activerecord-2.3.8/lib/active_record/connection_adapters/abstract/connection_pool.rb:183:in `checkout'
    /usr/lib/jruby/lib/ruby/gems/1.8/gems/activerecord-2.3.8/lib/active_record/connection_adapters/abstract/connection_pool.rb:98:in `connection'
    /usr/lib/jruby/lib/ruby/gems/1.8/gems/activerecord-2.3.8/lib/active_record/connection_adapters/abstract/connection_pool.rb:326:in `retrieve_connection'
    /usr/lib/jruby/lib/ruby/gems/1.8/gems/activerecord-2.3.8/lib/active_record/connection_adapters/abstract/connection_specification.rb:123:in `retrieve_connection'
    /usr/lib/jruby/lib/ruby/gems/1.8/gems/activerecord-2.3.8/lib/active_record/connection_adapters/abstract/connection_specification.rb:115:in `connection'
    /usr/lib/jruby/lib/ruby/gems/1.8/gems/activerecord-2.3.8/lib/active_record/query_cache.rb:9:in `cache'
    /usr/lib/jruby/lib/ruby/gems/1.8/gems/activerecord-2.3.8/lib/active_record/query_cache.rb:28:in `call'
    /usr/lib/jruby/lib/ruby/gems/1.8/gems/activerecord-2.3.8/lib/active_record/connection_adapters/abstract/connection_pool.rb:361:in `call'
    /usr/lib/jruby/lib/ruby/gems/1.8/gems/actionpack-2.3.8/lib/action_controller/string_coercion.rb:25:in `call'
    /usr/lib/jruby/lib/ruby/gems/1.8/gems/rack-1.1.0/lib/rack/head.rb:9:in `call'
    /usr/lib/jruby/lib/ruby/gems/1.8/gems/rack-1.1.0/lib/rack/methodoverride.rb:24:in `call'
    /usr/lib/jruby/lib/ruby/gems/1.8/gems/actionpack-2.3.8/lib/action_controller/params_parser.rb:15:in `call'
    /usr/lib/jruby/lib/ruby/gems/1.8/gems/actionpack-2.3.8/lib/action_controller/session/cookie_store.rb:99:in `call'
    /usr/lib/jruby/lib/ruby/gems/1.8/gems/actionpack-2.3.8/lib/action_controller/failsafe.rb:26:in `call'
    /usr/lib/jruby/lib/ruby/gems/1.8/gems/rack-1.1.0/lib/rack/lock.rb:11:in `call'
    /usr/lib/jruby/lib/ruby/gems/1.8/gems/actionpack-2.3.8/lib/action_controller/dispatcher.rb:114:in `call'
    /usr/lib/jruby/lib/ruby/gems/1.8/gems/actionpack-2.3.8/lib/action_controller/reloader.rb:34:in `run'
    /usr/lib/jruby/lib/ruby/gems/1.8/gems/actionpack-2.3.8/lib/action_controller/dispatcher.rb:108:in `call'
    /home/tuland/.gem/jruby/1.8/gems/rails-2.3.8/lib/rails/rack/static.rb:31:in `call'
    /usr/lib/jruby/lib/ruby/gems/1.8/gems/rack-1.1.0/lib/rack/urlmap.rb:49:in `call'
    /usr/lib/jruby/lib/ruby/gems/1.8/gems/rack-1.1.0/lib/rack/urlmap.rb:41:in `each'
    /usr/lib/jruby/lib/ruby/gems/1.8/gems/rack-1.1.0/lib/rack/urlmap.rb:41:in `call'
    /home/tuland/.gem/jruby/1.8/gems/rails-2.3.8/lib/rails/rack/log_tailer.rb:17:in `call'
    /usr/lib/jruby/lib/ruby/gems/1.8/gems/rack-1.1.0/lib/rack/content_length.rb:13:in `call'
    /usr/lib/jruby/lib/ruby/gems/1.8/gems/rack-1.1.0/lib/rack/chunked.rb:15:in `call'
    /usr/lib/jruby/lib/ruby/gems/1.8/gems/rack-1.1.0/lib/rack/handler/mongrel.rb:67:in `process'
    /home/tuland/.gem/jruby/1.8/gems/mongrel-1.1.5-java/lib/mongrel.rb:159:in `process_client'
    /home/tuland/.gem/jruby/1.8/gems/mongrel-1.1.5-java/lib/mongrel.rb:158:in `each'
    /home/tuland/.gem/jruby/1.8/gems/mongrel-1.1.5-java/lib/mongrel.rb:158:in `process_client'
    /home/tuland/.gem/jruby/1.8/gems/mongrel-1.1.5-java/lib/mongrel.rb:285:in `run'
    /home/tuland/.gem/jruby/1.8/gems/mongrel-1.1.5-java/lib/mongrel.rb:285:in `initialize'
    /home/tuland/.gem/jruby/1.8/gems/mongrel-1.1.5-java/lib/mongrel.rb:285:in `new'
    /home/tuland/.gem/jruby/1.8/gems/mongrel-1.1.5-java/lib/mongrel.rb:285:in `run'
    /home/tuland/.gem/jruby/1.8/gems/mongrel-1.1.5-java/lib/mongrel.rb:268:in `initialize'
    /home/tuland/.gem/jruby/1.8/gems/mongrel-1.1.5-java/lib/mongrel.rb:268:in `new'
    /home/tuland/.gem/jruby/1.8/gems/mongrel-1.1.5-java/lib/mongrel.rb:268:in `run'
    /usr/lib/jruby/lib/ruby/gems/1.8/gems/rack-1.1.0/lib/rack/handler/mongrel.rb:38:in `run'
    /home/tuland/.gem/jruby/1.8/gems/rails-2.3.8/lib/commands/server.rb:111
    /home/tuland/.gem/jruby/1.8/gems/rails-2.3.8/lib/commands/server.rb:31:in `require'
    /usr/lib/jruby//lib/ruby/site_ruby/1.8/rubygems/custom_require.rb:31:in `require'
    ./script/server:3
    ./script/server:2:in `load'
    -e:2
/!\ FAILSAFE /!\  Thu Sep 16 10:16:51 +0200 2010
  Status: 500 Internal Server Error
  no such file to load -- mysql
    /usr/lib/jruby//lib/ruby/site_ruby/1.8/rubygems/custom_require.rb:31:in `require'
    /usr/lib/jruby//lib/ruby/site_ruby/1.8/rubygems/custom_require.rb:31:in `require'
    /usr/lib/jruby/lib/ruby/gems/1.8/gems/activesupport-2.3.8/lib/active_support/dependencies.rb:156:in `require'
    /usr/lib/jruby/lib/ruby/gems/1.8/gems/activesupport-2.3.8/lib/active_support/dependencies.rb:521:in `new_constants_in'
    /usr/lib/jruby/lib/ruby/gems/1.8/gems/activesupport-2.3.8/lib/active_support/dependencies.rb:156:in `require'
    /usr/lib/jruby/lib/ruby/gems/1.8/gems/activesupport-2.3.8/lib/active_support/core_ext/kernel/requires.rb:7:in `require_library_or_gem'
    /usr/lib/jruby/lib/ruby/gems/1.8/gems/activesupport-2.3.8/lib/active_support/core_ext/kernel/reporting.rb:11:in `silence_warnings'
    /usr/lib/jruby/lib/ruby/gems/1.8/gems/activesupport-2.3.8/lib/active_support/core_ext/kernel/requires.rb:5:in `require_library_or_gem'
    /usr/lib/jruby/lib/ruby/gems/1.8/gems/activerecord-2.3.8/lib/active_record/connection_adapters/mysql_adapter.rb:61:in `mysql_connection'
    /usr/lib/jruby/lib/ruby/gems/1.8/gems/activerecord-2.3.8/lib/active_record/connection_adapters/abstract/connection_pool.rb:223:in `new_connection'
    /usr/lib/jruby/lib/ruby/gems/1.8/gems/activerecord-2.3.8/lib/active_record/connection_adapters/abstract/connection_pool.rb:245:in `checkout_new_connection'
    /usr/lib/jruby/lib/ruby/gems/1.8/gems/activerecord-2.3.8/lib/active_record/connection_adapters/abstract/connection_pool.rb:188:in `checkout'
    /usr/lib/jruby/lib/ruby/gems/1.8/gems/activerecord-2.3.8/lib/active_record/connection_adapters/abstract/connection_pool.rb:184:in `loop'
    /usr/lib/jruby/lib/ruby/gems/1.8/gems/activerecord-2.3.8/lib/active_record/connection_adapters/abstract/connection_pool.rb:184:in `checkout'
    /usr/lib/jruby//lib/ruby/1.8/monitor.rb:242:in `mon_synchronize'
    /usr/lib/jruby/lib/ruby/gems/1.8/gems/activerecord-2.3.8/lib/active_record/connection_adapters/abstract/connection_pool.rb:183:in `checkout'
    /usr/lib/jruby/lib/ruby/gems/1.8/gems/activerecord-2.3.8/lib/active_record/connection_adapters/abstract/connection_pool.rb:98:in `connection'
    /usr/lib/jruby/lib/ruby/gems/1.8/gems/activerecord-2.3.8/lib/active_record/connection_adapters/abstract/connection_pool.rb:326:in `retrieve_connection'
    /usr/lib/jruby/lib/ruby/gems/1.8/gems/activerecord-2.3.8/lib/active_record/connection_adapters/abstract/connection_specification.rb:123:in `retrieve_connection'
    /usr/lib/jruby/lib/ruby/gems/1.8/gems/activerecord-2.3.8/lib/active_record/connection_adapters/abstract/connection_specification.rb:115:in `connection'
    /usr/lib/jruby/lib/ruby/gems/1.8/gems/activerecord-2.3.8/lib/active_record/query_cache.rb:9:in `cache'
    /usr/lib/jruby/lib/ruby/gems/1.8/gems/activerecord-2.3.8/lib/active_record/query_cache.rb:28:in `call'
    /usr/lib/jruby/lib/ruby/gems/1.8/gems/activerecord-2.3.8/lib/active_record/connection_adapters/abstract/connection_pool.rb:361:in `call'
    /usr/lib/jruby/lib/ruby/gems/1.8/gems/actionpack-2.3.8/lib/action_controller/string_coercion.rb:25:in `call'
    /usr/lib/jruby/lib/ruby/gems/1.8/gems/rack-1.1.0/lib/rack/head.rb:9:in `call'
    /usr/lib/jruby/lib/ruby/gems/1.8/gems/rack-1.1.0/lib/rack/methodoverride.rb:24:in `call'
    /usr/lib/jruby/lib/ruby/gems/1.8/gems/actionpack-2.3.8/lib/action_controller/params_parser.rb:15:in `call'
    /usr/lib/jruby/lib/ruby/gems/1.8/gems/actionpack-2.3.8/lib/action_controller/session/cookie_store.rb:99:in `call'
    /usr/lib/jruby/lib/ruby/gems/1.8/gems/actionpack-2.3.8/lib/action_controller/failsafe.rb:26:in `call'
    /usr/lib/jruby/lib/ruby/gems/1.8/gems/rack-1.1.0/lib/rack/lock.rb:11:in `call'
    /usr/lib/jruby/lib/ruby/gems/1.8/gems/actionpack-2.3.8/lib/action_controller/dispatcher.rb:114:in `call'
    /usr/lib/jruby/lib/ruby/gems/1.8/gems/actionpack-2.3.8/lib/action_controller/reloader.rb:34:in `run'
    /usr/lib/jruby/lib/ruby/gems/1.8/gems/actionpack-2.3.8/lib/action_controller/dispatcher.rb:108:in `call'
    /home/tuland/.gem/jruby/1.8/gems/rails-2.3.8/lib/rails/rack/static.rb:31:in `call'
    /usr/lib/jruby/lib/ruby/gems/1.8/gems/rack-1.1.0/lib/rack/urlmap.rb:49:in `call'
    /usr/lib/jruby/lib/ruby/gems/1.8/gems/rack-1.1.0/lib/rack/urlmap.rb:41:in `each'
    /usr/lib/jruby/lib/ruby/gems/1.8/gems/rack-1.1.0/lib/rack/urlmap.rb:41:in `call'
    /home/tuland/.gem/jruby/1.8/gems/rails-2.3.8/lib/rails/rack/log_tailer.rb:17:in `call'
    /usr/lib/jruby/lib/ruby/gems/1.8/gems/rack-1.1.0/lib/rack/content_length.rb:13:in `call'
    /usr/lib/jruby/lib/ruby/gems/1.8/gems/rack-1.1.0/lib/rack/chunked.rb:15:in `call'
    /usr/lib/jruby/lib/ruby/gems/1.8/gems/rack-1.1.0/lib/rack/handler/mongrel.rb:67:in `process'
    /home/tuland/.gem/jruby/1.8/gems/mongrel-1.1.5-java/lib/mongrel.rb:159:in `process_client'
    /home/tuland/.gem/jruby/1.8/gems/mongrel-1.1.5-java/lib/mongrel.rb:158:in `each'
    /home/tuland/.gem/jruby/1.8/gems/mongrel-1.1.5-java/lib/mongrel.rb:158:in `process_client'
    /home/tuland/.gem/jruby/1.8/gems/mongrel-1.1.5-java/lib/mongrel.rb:285:in `run'
    /home/tuland/.gem/jruby/1.8/gems/mongrel-1.1.5-java/lib/mongrel.rb:285:in `initialize'
    /home/tuland/.gem/jruby/1.8/gems/mongrel-1.1.5-java/lib/mongrel.rb:285:in `new'
    /home/tuland/.gem/jruby/1.8/gems/mongrel-1.1.5-java/lib/mongrel.rb:285:in `run'
    /home/tuland/.gem/jruby/1.8/gems/mongrel-1.1.5-java/lib/mongrel.rb:268:in `initialize'
    /home/tuland/.gem/jruby/1.8/gems/mongrel-1.1.5-java/lib/mongrel.rb:268:in `new'
    /home/tuland/.gem/jruby/1.8/gems/mongrel-1.1.5-java/lib/mongrel.rb:268:in `run'
    /usr/lib/jruby/lib/ruby/gems/1.8/gems/rack-1.1.0/lib/rack/handler/mongrel.rb:38:in `run'
    /home/tuland/.gem/jruby/1.8/gems/rails-2.3.8/lib/commands/server.rb:111
    /home/tuland/.gem/jruby/1.8/gems/rails-2.3.8/lib/commands/server.rb:31:in `require'
    /usr/lib/jruby//lib/ruby/site_ruby/1.8/rubygems/custom_require.rb:31:in `require'
    ./script/server:3
    ./script/server:2:in `load'
    -e:2
  [4;36;1mSQL (1.0ms)[0m   [0;1mSET SQL_AUTO_IS_NULL=0[0m


Processing QueryTesterController#index (for 127.0.0.1 at 2010-09-16 10:22:18) [GET]

ActionView::MissingTemplate (Missing template query_tester/index.erb in view path app/views):
  

Rendering rescues/layout (internal_server_error)
  [4;35;1mSQL (0.0ms)[0m   [0mSET SQL_AUTO_IS_NULL=0[0m


Processing QueryTesterController#index (for 127.0.0.1 at 2010-09-16 10:33:22) [GET]

ActionView::MissingTemplate (Missing template query_tester/index.erb in view path app/views):
  

Rendering rescues/layout (internal_server_error)
  [4;36;1mSQL (1.0ms)[0m   [0;1mSET SQL_AUTO_IS_NULL=0[0m


Processing QueryTesterController#index (for 127.0.0.1 at 2010-09-16 10:33:26) [GET]

ActionView::MissingTemplate (Missing template query_tester/index.erb in view path app/views):
  

Rendering rescues/layout (internal_server_error)
  [4;36;1mSQL (1.0ms)[0m   [0;1mSET SQL_AUTO_IS_NULL=0[0m


Processing QueryTesterController#index (for 127.0.0.1 at 2010-09-16 10:34:18) [GET]

ActionView::MissingTemplate (Missing template query_tester/index.erb in view path app/views):
  

Rendering rescues/layout (internal_server_error)
  [4;36;1mSQL (1.0ms)[0m   [0;1mSET SQL_AUTO_IS_NULL=0[0m


Processing QueryTesterController#index (for 127.0.0.1 at 2010-09-16 10:35:52) [GET]
Rendering query_tester/index
Completed in 173ms (View: 138, DB: 1) | 200 OK [http://0.0.0.0/query_tester]
  [4;35;1mSQL (1.0ms)[0m   [0mSET SQL_AUTO_IS_NULL=0[0m


Processing ApplicationController#index (for 127.0.0.1 at 2010-09-16 10:35:53) [GET]

ActionController::RoutingError (No route matches "/images/ajax-loader.gif" with {:method=>:get}):
  haml (3.0.17) lib/sass/plugin/rack.rb:41:in `call'

Rendering rescues/layout (not_found)
  [4;36;1mSQL (0.0ms)[0m   [0;1mSET SQL_AUTO_IS_NULL=0[0m


Processing QueryTesterController#index (for 127.0.0.1 at 2010-09-16 10:39:08) [GET]
Rendering template within layouts/main
Rendering query_tester/index
Rendered layouts/_header (3.0ms)
Rendered layouts/_footer (2.0ms)
Completed in 48ms (View: 46, DB: 0) | 200 OK [http://0.0.0.0/query_tester]
  [4;35;1mSQL (0.0ms)[0m   [0mSET SQL_AUTO_IS_NULL=0[0m


Processing ApplicationController#index (for 127.0.0.1 at 2010-09-16 10:39:09) [GET]

ActionController::RoutingError (No route matches "/images/ajax-loader.gif" with {:method=>:get}):
  haml (3.0.17) lib/sass/plugin/rack.rb:41:in `call'

Rendering rescues/layout (not_found)
  [4;36;1mSQL (1.0ms)[0m   [0;1mSET SQL_AUTO_IS_NULL=0[0m


Processing ApplicationController#index (for 127.0.0.1 at 2010-09-16 10:39:09) [GET]

ActionController::RoutingError (No route matches "/javascripts/scriptaculous.js" with {:method=>:get}):
  haml (3.0.17) lib/sass/plugin/rack.rb:41:in `call'

Rendering rescues/layout (not_found)
  [4;35;1mSQL (0.0ms)[0m   [0mSET SQL_AUTO_IS_NULL=0[0m


Processing ApplicationController#index (for 127.0.0.1 at 2010-09-16 10:39:09) [GET]

ActionController::RoutingError (No route matches "/stylesheets/style.css" with {:method=>:get}):
  haml (3.0.17) lib/sass/plugin/rack.rb:41:in `call'

Rendering rescues/layout (not_found)
  [4;36;1mSQL (4.0ms)[0m   [0;1mSET SQL_AUTO_IS_NULL=0[0m


Processing ApplicationController#index (for 127.0.0.1 at 2010-09-16 10:39:09) [GET]

ActionController::RoutingError (No route matches "/images/ajax-loader.gif" with {:method=>:get}):
  haml (3.0.17) lib/sass/plugin/rack.rb:41:in `call'

Rendering rescues/layout (not_found)
  [4;35;1mSQL (0.0ms)[0m   [0mSET SQL_AUTO_IS_NULL=0[0m


Processing QueryTesterController#index (for 127.0.0.1 at 2010-09-16 10:43:24) [GET]
Rendering template within layouts/main
Rendering query_tester/index
Rendered layouts/_header (0.0ms)
Rendered layouts/_footer (4.0ms)
Completed in 26ms (View: 24, DB: 0) | 200 OK [http://0.0.0.0/query_tester]
  [4;36;1mSQL (0.0ms)[0m   [0;1mSET SQL_AUTO_IS_NULL=0[0m


Processing ApplicationController#index (for 127.0.0.1 at 2010-09-16 10:43:24) [GET]

ActionController::RoutingError (No route matches "/javascripts/scriptaculous.js" with {:method=>:get}):
  haml (3.0.17) lib/sass/plugin/rack.rb:41:in `call'

Rendering rescues/layout (not_found)
  [4;35;1mSQL (2.0ms)[0m   [0mSET SQL_AUTO_IS_NULL=0[0m


Processing ApplicationController#index (for 127.0.0.1 at 2010-09-16 10:43:24) [GET]

ActionController::RoutingError (No route matches "/stylesheets/style.css" with {:method=>:get}):
  haml (3.0.17) lib/sass/plugin/rack.rb:41:in `call'

Rendering rescues/layout (not_found)
  [4;36;1mSQL (0.0ms)[0m   [0;1mSET SQL_AUTO_IS_NULL=0[0m


Processing ApplicationController#index (for 127.0.0.1 at 2010-09-16 10:43:24) [GET]

ActionController::RoutingError (No route matches "/images/ajax-loader.gif" with {:method=>:get}):
  haml (3.0.17) lib/sass/plugin/rack.rb:41:in `call'

Rendering rescues/layout (not_found)
  [4;36;1mSQL (1.0ms)[0m   [0;1mSET SQL_AUTO_IS_NULL=0[0m


Processing QueryTesterController#index (for 127.0.0.1 at 2010-09-16 16:45:45) [GET]
Rendering template within layouts/main
Rendering query_tester/index
Rendered layouts/_header (3.0ms)
Rendered layouts/_footer (2.0ms)
Completed in 4110ms (View: 161, DB: 1) | 200 OK [http://0.0.0.0/query_tester]
  [4;35;1mSQL (0.0ms)[0m   [0mSET SQL_AUTO_IS_NULL=0[0m


Processing QueryTesterController#index (for 127.0.0.1 at 2010-09-16 16:53:12) [GET]
Rendering template within layouts/main
Rendering query_tester/index
Rendered layouts/_header (0.0ms)
Rendered layouts/_footer (0.0ms)
Completed in 25ms (View: 20, DB: 0) | 200 OK [http://0.0.0.0/query_tester]
  [4;36;1mSQL (0.0ms)[0m   [0;1mSET SQL_AUTO_IS_NULL=0[0m


Processing QueryTesterController#index (for 127.0.0.1 at 2010-09-16 16:53:16) [GET]
Rendering template within layouts/main
Rendering query_tester/index
Rendered layouts/_header (1.0ms)
Rendered layouts/_footer (0.0ms)
Completed in 19ms (View: 17, DB: 0) | 200 OK [http://0.0.0.0/query_tester]
  [4;35;1mSQL (1.0ms)[0m   [0mSET SQL_AUTO_IS_NULL=0[0m


Processing QueryTesterController#load (for 127.0.0.1 at 2010-09-16 16:53:18) [POST]
  Parameters: {"authenticity_token"=>"ZhWwDCztA8WpR/j+B+HixOVgsrU4sqTGmrQtRHRTRBw="}

Errno::EEXIST (File exists - File exists - /home/tuland/Aptana RadRails Workspace/rescribo/app/controllers/jena_persistence):
  app/controllers/query_tester_controller.rb:22:in `load'
  haml (3.0.17) lib/sass/plugin/rack.rb:41:in `call'

Rendered rescues/_trace (153.0ms)
Rendered rescues/_request_and_response (13.0ms)
Rendering rescues/layout (internal_server_error)
  [4;36;1mSQL (0.0ms)[0m   [0;1mSET SQL_AUTO_IS_NULL=0[0m


Processing QueryTesterController#index (for 127.0.0.1 at 2010-09-16 16:58:16) [GET]
Rendering template within layouts/main
Rendering query_tester/index
Rendered layouts/_header (2.0ms)
Rendered layouts/_footer (0.0ms)
Completed in 23ms (View: 20, DB: 0) | 200 OK [http://0.0.0.0/query_tester]
  [4;35;1mSQL (0.0ms)[0m   [0mSET SQL_AUTO_IS_NULL=0[0m


Processing QueryTesterController#load (for 127.0.0.1 at 2010-09-16 16:58:19) [POST]
  Parameters: {"authenticity_token"=>"ZhWwDCztA8WpR/j+B+HixOVgsrU4sqTGmrQtRHRTRBw="}

Errno::EEXIST (File exists - File exists - /home/tuland/Aptana RadRails Workspace/rescribo/app/controllers/jena_persistence):
  app/controllers/query_tester_controller.rb:24:in `load'
  haml (3.0.17) lib/sass/plugin/rack.rb:41:in `call'

Rendered rescues/_trace (89.0ms)
Rendered rescues/_request_and_response (2.0ms)
Rendering rescues/layout (internal_server_error)
  [4;36;1mSQL (0.0ms)[0m   [0;1mSET SQL_AUTO_IS_NULL=0[0m


Processing QueryTesterController#load (for 127.0.0.1 at 2010-09-16 16:58:22) [POST]
  Parameters: {"authenticity_token"=>"ZhWwDCztA8WpR/j+B+HixOVgsrU4sqTGmrQtRHRTRBw="}

Errno::EEXIST (File exists - File exists - /home/tuland/Aptana RadRails Workspace/rescribo/app/controllers/jena_persistence):
  app/controllers/query_tester_controller.rb:24:in `load'
  haml (3.0.17) lib/sass/plugin/rack.rb:41:in `call'

Rendered rescues/_trace (81.0ms)
Rendered rescues/_request_and_response (1.0ms)
Rendering rescues/layout (internal_server_error)
  [4;36;1mSQL (1.0ms)[0m   [0;1mSET SQL_AUTO_IS_NULL=0[0m


Processing QueryTesterController#load (for 127.0.0.1 at 2010-09-16 17:01:18) [POST]
  Parameters: {"authenticity_token"=>"ZhWwDCztA8WpR/j+B+HixOVgsrU4sqTGmrQtRHRTRBw="}

Errno::EEXIST (File exists - File exists - /home/tuland/Aptana RadRails Workspace/rescribo/app/controllers/jena_persistence):
  app/controllers/query_tester_controller.rb:25:in `load'
  haml (3.0.17) lib/sass/plugin/rack.rb:41:in `call'

Rendered rescues/_trace (158.0ms)
Rendered rescues/_request_and_response (12.0ms)
Rendering rescues/layout (internal_server_error)
  [4;35;1mSQL (1.0ms)[0m   [0mSET SQL_AUTO_IS_NULL=0[0m


Processing QueryTesterController#index (for 127.0.0.1 at 2010-09-16 17:05:12) [GET]
Rendering template within layouts/main
Rendering query_tester/index
Rendered layouts/_header (4.0ms)
Rendered layouts/_footer (3.0ms)
Completed in 122ms (View: 117, DB: 1) | 200 OK [http://0.0.0.0/query_tester]
  [4;36;1mSQL (0.0ms)[0m   [0;1mSET SQL_AUTO_IS_NULL=0[0m


Processing QueryTesterController#load (for 127.0.0.1 at 2010-09-16 17:05:22) [POST]
  Parameters: {"authenticity_token"=>"ZhWwDCztA8WpR/j+B+HixOVgsrU4sqTGmrQtRHRTRBw="}

Errno::EEXIST (File exists - File exists - /home/tuland/Aptana RadRails Workspace/rescribo/app/controllers/jena_persistence):
  app/controllers/query_tester_controller.rb:25:in `load'
  haml (3.0.17) lib/sass/plugin/rack.rb:41:in `call'

Rendered rescues/_trace (95.0ms)
Rendered rescues/_request_and_response (2.0ms)
Rendering rescues/layout (internal_server_error)
  [4;36;1mSQL (1.0ms)[0m   [0;1mSET SQL_AUTO_IS_NULL=0[0m


Processing QueryTesterController#index (for 127.0.0.1 at 2010-09-16 17:06:39) [GET]
Rendering template within layouts/main
Rendering query_tester/index
Rendered layouts/_header (4.0ms)
Rendered layouts/_footer (3.0ms)
Completed in 130ms (View: 126, DB: 1) | 200 OK [http://0.0.0.0/query_tester]
  [4;35;1mSQL (0.0ms)[0m   [0mSET SQL_AUTO_IS_NULL=0[0m


Processing QueryTesterController#load (for 127.0.0.1 at 2010-09-16 17:06:46) [POST]
  Parameters: {"authenticity_token"=>"ZhWwDCztA8WpR/j+B+HixOVgsrU4sqTGmrQtRHRTRBw="}
Rendering query_tester/load

ActionView::TemplateError (You have a nil object when you didn't expect it!
You might have expected an instance of Array.
The error occurred while evaluating nil.each) on line #11 of app/views/query_tester/_sparql_form.html.haml:
8:       %tr
9:         %th= "Prefix"
10:         %th= "Uri"
11:       - @prefix_map.each do |prefix, uri|
12:         - if prefix == ""
13:           - prefix = OntologyController::UNDEFINED_PREFIX
14:         - line = line + 1

    app/views/query_tester/_sparql_form.html.haml:11:in `_run_haml_app47views47query_tester47_sparql_form46html46haml_locals_object_sparql_form'
    haml (3.0.17) lib/haml/helpers/action_view_mods.rb:13:in `render_with_haml'
    app/views/query_tester/load.js.rjs:6:in `__instance_exec_1968_1990'
    app/views/query_tester/load.js.rjs:5:in `__instance_exec_1968_1990'
    app/views/query_tester/load.js.rjs:2:in `__instance_exec_1968_1990'
    activerdf (1.6.11) lib/active_rdf//instance_exec.rb:7:in `instance_exec'
    app/views/query_tester/load.js.rjs:1:in `_run_rjs_app47views47query_tester47load46js46rjs'
    haml (3.0.17) lib/haml/helpers/action_view_mods.rb:13:in `render_with_haml'
    haml (3.0.17) lib/sass/plugin/rack.rb:41:in `call'

Rendered rescues/_trace (227.0ms)
Rendered rescues/_request_and_response (11.0ms)
Rendering rescues/layout (internal_server_error)
  [4;36;1mSQL (0.0ms)[0m   [0;1mSET SQL_AUTO_IS_NULL=0[0m


Processing QueryTesterController#index (for 127.0.0.1 at 2010-09-16 17:18:51) [GET]
Rendering template within layouts/main
Rendering query_tester/index
Rendered layouts/_header (1.0ms)
Rendered layouts/_footer (0.0ms)
Completed in 12ms (View: 10, DB: 0) | 200 OK [http://0.0.0.0/query_tester]
  [4;35;1mSQL (0.0ms)[0m   [0mSET SQL_AUTO_IS_NULL=0[0m


Processing QueryTesterController#load (for 127.0.0.1 at 2010-09-16 17:18:52) [POST]
  Parameters: {"authenticity_token"=>"ZhWwDCztA8WpR/j+B+HixOVgsrU4sqTGmrQtRHRTRBw="}

NativeException (com.hp.hpl.jena.shared.JenaException: rethrew: java.io.FileNotFoundException: /home/tuland/Aptana RadRails Workspace/rescribo/app/controllers/jena_persistence/source.new (No such file or directory)):
  com/hp/hpl/jena/graph/impl/FileGraph.java:173:in `saveContents'
  com/hp/hpl/jena/graph/impl/FileGraph.java:144:in `close'
  com/hp/hpl/jena/rdf/model/impl/ModelCom.java:1177:in `close'
  /usr/lib/jruby/lib/ruby/gems/1.8/gems/activerdf_jena-0.1/lib/activerdf_jena/jena_adapter.rb:175:in `close'
  app/controllers/query_tester_controller.rb:30:in `load'
  haml (3.0.17) lib/sass/plugin/rack.rb:41:in `call'

Rendered rescues/_trace (93.0ms)
Rendered rescues/_request_and_response (4.0ms)
Rendering rescues/layout (internal_server_error)
  [4;36;1mSQL (0.0ms)[0m   [0;1mSET SQL_AUTO_IS_NULL=0[0m


Processing QueryTesterController#index (for 127.0.0.1 at 2010-09-16 17:21:03) [GET]
Rendering template within layouts/main
Rendering query_tester/index
Rendered layouts/_header (4.0ms)
Rendered layouts/_footer (3.0ms)
Completed in 149ms (View: 145, DB: 0) | 200 OK [http://0.0.0.0/query_tester]
  [4;36;1mSQL (1.0ms)[0m   [0;1mSET SQL_AUTO_IS_NULL=0[0m


Processing QueryTesterController#index (for 127.0.0.1 at 2010-09-16 17:23:43) [GET]
Rendering template within layouts/main
Rendering query_tester/index
Rendered layouts/_header (3.0ms)
Rendered layouts/_footer (3.0ms)
Completed in 131ms (View: 127, DB: 1) | 200 OK [http://0.0.0.0/query_tester]
  [4;35;1mSQL (0.0ms)[0m   [0mSET SQL_AUTO_IS_NULL=0[0m


Processing QueryTesterController#load (for 127.0.0.1 at 2010-09-16 17:23:47) [POST]
  Parameters: {"authenticity_token"=>"ZhWwDCztA8WpR/j+B+HixOVgsrU4sqTGmrQtRHRTRBw="}

NativeException (com.hp.hpl.jena.shared.JenaException: rethrew: java.io.FileNotFoundException: /home/tuland/Aptana RadRails Workspace/rescribo/app/controllers/jena_persistence/source.new (No such file or directory)):
  com/hp/hpl/jena/graph/impl/FileGraph.java:173:in `saveContents'
  com/hp/hpl/jena/graph/impl/FileGraph.java:144:in `close'
  com/hp/hpl/jena/rdf/model/impl/ModelCom.java:1177:in `close'
  /usr/lib/jruby/lib/ruby/gems/1.8/gems/activerdf_jena-0.1/lib/activerdf_jena/jena_adapter.rb:175:in `close'
  app/controllers/query_tester_controller.rb:30:in `load'
  haml (3.0.17) lib/sass/plugin/rack.rb:41:in `call'

Rendered rescues/_trace (123.0ms)
Rendered rescues/_request_and_response (10.0ms)
Rendering rescues/layout (internal_server_error)
  [4;36;1mSQL (0.0ms)[0m   [0;1mSET SQL_AUTO_IS_NULL=0[0m


Processing QueryTesterController#index (for 127.0.0.1 at 2010-09-16 17:24:22) [GET]
Rendering template within layouts/main
Rendering query_tester/index
Rendered layouts/_header (1.0ms)
Rendered layouts/_footer (0.0ms)
Completed in 15ms (View: 12, DB: 0) | 200 OK [http://0.0.0.0/query_tester]
  [4;35;1mSQL (0.0ms)[0m   [0mSET SQL_AUTO_IS_NULL=0[0m


Processing QueryTesterController#index (for 127.0.0.1 at 2010-09-16 17:24:43) [GET]
Rendering template within layouts/main
Rendering query_tester/index
Rendered layouts/_header (0.0ms)
Rendered layouts/_footer (1.0ms)
Completed in 22ms (View: 20, DB: 0) | 200 OK [http://0.0.0.0/query_tester]
  [4;36;1mSQL (0.0ms)[0m   [0;1mSET SQL_AUTO_IS_NULL=0[0m


Processing QueryTesterController#load (for 127.0.0.1 at 2010-09-16 17:24:45) [POST]
  Parameters: {"authenticity_token"=>"ZhWwDCztA8WpR/j+B+HixOVgsrU4sqTGmrQtRHRTRBw="}

NativeException (com.hp.hpl.jena.shared.JenaException: rethrew: java.io.FileNotFoundException: /home/tuland/Aptana RadRails Workspace/rescribo/app/controllers/jena_persistence/source.new (No such file or directory)):
  com/hp/hpl/jena/graph/impl/FileGraph.java:173:in `saveContents'
  com/hp/hpl/jena/graph/impl/FileGraph.java:144:in `close'
  com/hp/hpl/jena/rdf/model/impl/ModelCom.java:1177:in `close'
  /usr/lib/jruby/lib/ruby/gems/1.8/gems/activerdf_jena-0.1/lib/activerdf_jena/jena_adapter.rb:175:in `close'
  app/controllers/query_tester_controller.rb:30:in `load'
  haml (3.0.17) lib/sass/plugin/rack.rb:41:in `call'

Rendered rescues/_trace (89.0ms)
Rendered rescues/_request_and_response (5.0ms)
Rendering rescues/layout (internal_server_error)
  [4;35;1mSQL (0.0ms)[0m   [0mSET SQL_AUTO_IS_NULL=0[0m


Processing QueryTesterController#index (for 127.0.0.1 at 2010-09-16 17:26:37) [GET]
Rendering template within layouts/main
Rendering query_tester/index
Rendered layouts/_header (0.0ms)
Rendered layouts/_footer (0.0ms)
Completed in 31ms (View: 29, DB: 0) | 200 OK [http://0.0.0.0/query_tester]
  [4;36;1mSQL (0.0ms)[0m   [0;1mSET SQL_AUTO_IS_NULL=0[0m


Processing QueryTesterController#load (for 127.0.0.1 at 2010-09-16 17:26:39) [POST]
  Parameters: {"authenticity_token"=>"ZhWwDCztA8WpR/j+B+HixOVgsrU4sqTGmrQtRHRTRBw="}
Rendering query_tester/load

ActionView::TemplateError (You have a nil object when you didn't expect it!
You might have expected an instance of Array.
The error occurred while evaluating nil.each) on line #11 of app/views/query_tester/_sparql_form.html.haml:
8:       %tr
9:         %th= "Prefix"
10:         %th= "Uri"
11:       - @prefix_map.each do |prefix, uri|
12:         - if prefix == ""
13:           - prefix = OntologyController::UNDEFINED_PREFIX
14:         - line = line + 1

    app/views/query_tester/_sparql_form.html.haml:11:in `_run_haml_app47views47query_tester47_sparql_form46html46haml_locals_object_sparql_form'
    haml (3.0.17) lib/haml/helpers/action_view_mods.rb:13:in `render_with_haml'
    app/views/query_tester/load.js.rjs:6:in `__instance_exec_2084_2106'
    app/views/query_tester/load.js.rjs:5:in `__instance_exec_2084_2106'
    app/views/query_tester/load.js.rjs:2:in `__instance_exec_2084_2106'
    activerdf (1.6.11) lib/active_rdf//instance_exec.rb:7:in `instance_exec'
    app/views/query_tester/load.js.rjs:1:in `_run_rjs_app47views47query_tester47load46js46rjs'
    haml (3.0.17) lib/haml/helpers/action_view_mods.rb:13:in `render_with_haml'
    haml (3.0.17) lib/sass/plugin/rack.rb:41:in `call'

Rendered rescues/_trace (138.0ms)
Rendered rescues/_request_and_response (2.0ms)
Rendering rescues/layout (internal_server_error)
  [4;35;1mSQL (0.0ms)[0m   [0mSET SQL_AUTO_IS_NULL=0[0m


Processing QueryTesterController#index (for 127.0.0.1 at 2010-09-16 17:27:41) [GET]
Rendering template within layouts/main
Rendering query_tester/index
Rendered layouts/_header (0.0ms)
Rendered layouts/_footer (1.0ms)
Completed in 26ms (View: 23, DB: 0) | 200 OK [http://0.0.0.0/query_tester]
  [4;36;1mSQL (0.0ms)[0m   [0;1mSET SQL_AUTO_IS_NULL=0[0m


Processing QueryTesterController#load (for 127.0.0.1 at 2010-09-16 17:27:43) [POST]
  Parameters: {"authenticity_token"=>"ZhWwDCztA8WpR/j+B+HixOVgsrU4sqTGmrQtRHRTRBw="}
Rendering query_tester/load

ActionView::TemplateError (You have a nil object when you didn't expect it!
You might have expected an instance of Array.
The error occurred while evaluating nil.each) on line #11 of app/views/query_tester/_sparql_form.html.haml:
8:       %tr
9:         %th= "Prefix"
10:         %th= "Uri"
11:       - @prefix_map.each do |prefix, uri|
12:         - if prefix == ""
13:           - prefix = OntologyController::UNDEFINED_PREFIX
14:         - line = line + 1

    app/views/query_tester/_sparql_form.html.haml:11:in `_run_haml_app47views47query_tester47_sparql_form46html46haml_locals_object_sparql_form'
    haml (3.0.17) lib/haml/helpers/action_view_mods.rb:13:in `render_with_haml'
    app/views/query_tester/load.js.rjs:6:in `__instance_exec_2130_2152'
    app/views/query_tester/load.js.rjs:5:in `__instance_exec_2130_2152'
    app/views/query_tester/load.js.rjs:2:in `__instance_exec_2130_2152'
    activerdf (1.6.11) lib/active_rdf//instance_exec.rb:7:in `instance_exec'
    app/views/query_tester/load.js.rjs:1:in `_run_rjs_app47views47query_tester47load46js46rjs'
    haml (3.0.17) lib/haml/helpers/action_view_mods.rb:13:in `render_with_haml'
    haml (3.0.17) lib/sass/plugin/rack.rb:41:in `call'

Rendered rescues/_trace (174.0ms)
Rendered rescues/_request_and_response (16.0ms)
Rendering rescues/layout (internal_server_error)
  [4;35;1mSQL (0.0ms)[0m   [0mSET SQL_AUTO_IS_NULL=0[0m


Processing QueryTesterController#index (for 127.0.0.1 at 2010-09-16 17:30:02) [GET]
Rendering template within layouts/main
Rendering query_tester/index
Rendered layouts/_header (1.0ms)
Rendered layouts/_footer (1.0ms)
Completed in 34ms (View: 31, DB: 0) | 200 OK [http://0.0.0.0/query_tester]
  [4;36;1mSQL (1.0ms)[0m   [0;1mSET SQL_AUTO_IS_NULL=0[0m


Processing QueryTesterController#load (for 127.0.0.1 at 2010-09-16 17:30:09) [POST]
  Parameters: {"authenticity_token"=>"ZhWwDCztA8WpR/j+B+HixOVgsrU4sqTGmrQtRHRTRBw="}

Errno::EEXIST (File exists - File exists - /home/tuland/Aptana RadRails Workspace/rescribo/app/controllers/jena_persistence):
  app/controllers/query_tester_controller.rb:25:in `load'
  haml (3.0.17) lib/sass/plugin/rack.rb:41:in `call'

Rendered rescues/_trace (38.0ms)
Rendered rescues/_request_and_response (3.0ms)
Rendering rescues/layout (internal_server_error)
  [4;35;1mSQL (0.0ms)[0m   [0mSET SQL_AUTO_IS_NULL=0[0m


Processing QueryTesterController#load (for 127.0.0.1 at 2010-09-16 17:30:14) [POST]
  Parameters: {"authenticity_token"=>"ZhWwDCztA8WpR/j+B+HixOVgsrU4sqTGmrQtRHRTRBw="}

Errno::EEXIST (File exists - File exists - /home/tuland/Aptana RadRails Workspace/rescribo/app/controllers/jena_persistence):
  app/controllers/query_tester_controller.rb:25:in `load'
  haml (3.0.17) lib/sass/plugin/rack.rb:41:in `call'

Rendered rescues/_trace (45.0ms)
Rendered rescues/_request_and_response (1.0ms)
Rendering rescues/layout (internal_server_error)
  [4;36;1mSQL (0.0ms)[0m   [0;1mSET SQL_AUTO_IS_NULL=0[0m


Processing QueryTesterController#index (for 127.0.0.1 at 2010-09-16 17:33:18) [GET]
Rendering template within layouts/main
Rendering query_tester/index
Rendered layouts/_header (1.0ms)
Rendered layouts/_footer (1.0ms)
Completed in 15ms (View: 12, DB: 0) | 200 OK [http://0.0.0.0/query_tester]
  [4;35;1mSQL (0.0ms)[0m   [0mSET SQL_AUTO_IS_NULL=0[0m


Processing QueryTesterController#load (for 127.0.0.1 at 2010-09-16 17:33:21) [POST]
  Parameters: {"authenticity_token"=>"ZhWwDCztA8WpR/j+B+HixOVgsrU4sqTGmrQtRHRTRBw="}
Rendering query_tester/load

ActionView::TemplateError (You have a nil object when you didn't expect it!
You might have expected an instance of Array.
The error occurred while evaluating nil.each) on line #11 of app/views/query_tester/_sparql_form.html.haml:
8:       %tr
9:         %th= "Prefix"
10:         %th= "Uri"
11:       - @prefix_map.each do |prefix, uri|
12:         - if prefix == ""
13:           - prefix = OntologyController::UNDEFINED_PREFIX
14:         - line = line + 1

    app/views/query_tester/_sparql_form.html.haml:11:in `_run_haml_app47views47query_tester47_sparql_form46html46haml_locals_object_sparql_form'
    haml (3.0.17) lib/haml/helpers/action_view_mods.rb:13:in `render_with_haml'
    app/views/query_tester/load.js.rjs:6:in `__instance_exec_2242_2264'
    app/views/query_tester/load.js.rjs:5:in `__instance_exec_2242_2264'
    app/views/query_tester/load.js.rjs:2:in `__instance_exec_2242_2264'
    activerdf (1.6.11) lib/active_rdf//instance_exec.rb:7:in `instance_exec'
    app/views/query_tester/load.js.rjs:1:in `_run_rjs_app47views47query_tester47load46js46rjs'
    haml (3.0.17) lib/haml/helpers/action_view_mods.rb:13:in `render_with_haml'
    haml (3.0.17) lib/sass/plugin/rack.rb:41:in `call'

Rendered rescues/_trace (59.0ms)
Rendered rescues/_request_and_response (2.0ms)
Rendering rescues/layout (internal_server_error)
  [4;36;1mSQL (0.0ms)[0m   [0;1mSET SQL_AUTO_IS_NULL=0[0m


Processing QueryTesterController#index (for 127.0.0.1 at 2010-09-16 17:37:39) [GET]
Rendering template within layouts/main
Rendering query_tester/index
Rendered layouts/_header (0.0ms)
Rendered layouts/_footer (1.0ms)
Completed in 14ms (View: 12, DB: 0) | 200 OK [http://0.0.0.0/query_tester]
  [4;35;1mSQL (0.0ms)[0m   [0mSET SQL_AUTO_IS_NULL=0[0m


Processing QueryTesterController#load (for 127.0.0.1 at 2010-09-16 17:37:41) [POST]
  Parameters: {"authenticity_token"=>"ZhWwDCztA8WpR/j+B+HixOVgsrU4sqTGmrQtRHRTRBw="}

NoMethodError (undefined method `getNsPrefixMap' for Jena::Model:Module):
  app/controllers/query_tester_controller.rb:35:in `load'
  haml (3.0.17) lib/sass/plugin/rack.rb:41:in `call'

Rendered rescues/_trace (29.0ms)
Rendered rescues/_request_and_response (1.0ms)
Rendering rescues/layout (internal_server_error)
  [4;36;1mSQL (0.0ms)[0m   [0;1mSET SQL_AUTO_IS_NULL=0[0m


Processing QueryTesterController#index (for 127.0.0.1 at 2010-09-16 17:42:23) [GET]
Rendering template within layouts/main
Rendering query_tester/index
Rendered layouts/_header (0.0ms)
Rendered layouts/_footer (0.0ms)
Completed in 24ms (View: 22, DB: 0) | 200 OK [http://0.0.0.0/query_tester]
  [4;35;1mSQL (0.0ms)[0m   [0mSET SQL_AUTO_IS_NULL=0[0m


Processing QueryTesterController#load (for 127.0.0.1 at 2010-09-16 17:42:29) [POST]
  Parameters: {"authenticity_token"=>"ZhWwDCztA8WpR/j+B+HixOVgsrU4sqTGmrQtRHRTRBw="}

NoMethodError (undefined method `getNsPrefixMap' for #<JenaAdapter:0x2349d226>):
  app/controllers/query_tester_controller.rb:30:in `load'
  haml (3.0.17) lib/sass/plugin/rack.rb:41:in `call'

Rendered rescues/_trace (30.0ms)
Rendered rescues/_request_and_response (2.0ms)
Rendering rescues/layout (internal_server_error)
  [4;36;1mSQL (0.0ms)[0m   [0;1mSET SQL_AUTO_IS_NULL=0[0m


Processing QueryTesterController#index (for 127.0.0.1 at 2010-09-16 17:49:49) [GET]
Rendering template within layouts/main
Rendering query_tester/index
Rendered layouts/_header (1.0ms)
Rendered layouts/_footer (1.0ms)
Completed in 24ms (View: 17, DB: 0) | 200 OK [http://0.0.0.0/query_tester]
  [4;35;1mSQL (1.0ms)[0m   [0mSET SQL_AUTO_IS_NULL=0[0m


Processing QueryTesterController#load (for 127.0.0.1 at 2010-09-16 17:49:57) [POST]
  Parameters: {"authenticity_token"=>"ZhWwDCztA8WpR/j+B+HixOVgsrU4sqTGmrQtRHRTRBw="}
Rendering query_tester/load

ActionView::TemplateError (You have a nil object when you didn't expect it!
You might have expected an instance of Array.
The error occurred while evaluating nil.each) on line #11 of app/views/query_tester/_sparql_form.html.haml:
8:       %tr
9:         %th= "Prefix"
10:         %th= "Uri"
11:       - @prefix_map.each do |prefix, uri|
12:         - if prefix == ""
13:           - prefix = OntologyController::UNDEFINED_PREFIX
14:         - line = line + 1

    app/views/query_tester/_sparql_form.html.haml:11:in `_run_haml_app47views47query_tester47_sparql_form46html46haml_locals_object_sparql_form'
    haml (3.0.17) lib/haml/helpers/action_view_mods.rb:13:in `render_with_haml'
    app/views/query_tester/load.js.rjs:6:in `__instance_exec_2376_2398'
    app/views/query_tester/load.js.rjs:5:in `__instance_exec_2376_2398'
    app/views/query_tester/load.js.rjs:2:in `__instance_exec_2376_2398'
    activerdf (1.6.11) lib/active_rdf//instance_exec.rb:7:in `instance_exec'
    app/views/query_tester/load.js.rjs:1:in `_run_rjs_app47views47query_tester47load46js46rjs'
    haml (3.0.17) lib/haml/helpers/action_view_mods.rb:13:in `render_with_haml'
    haml (3.0.17) lib/sass/plugin/rack.rb:41:in `call'

Rendered rescues/_trace (46.0ms)
Rendered rescues/_request_and_response (1.0ms)
Rendering rescues/layout (internal_server_error)
  [4;36;1mSQL (0.0ms)[0m   [0;1mSET SQL_AUTO_IS_NULL=0[0m


Processing QueryTesterController#index (for 127.0.0.1 at 2010-09-16 17:56:42) [GET]
Rendering template within layouts/main
Rendering query_tester/index
Rendered layouts/_header (1.0ms)
Rendered layouts/_footer (0.0ms)
Completed in 11ms (View: 9, DB: 0) | 200 OK [http://0.0.0.0/query_tester]
  [4;35;1mSQL (1.0ms)[0m   [0mSET SQL_AUTO_IS_NULL=0[0m


Processing QueryTesterController#load (for 127.0.0.1 at 2010-09-16 17:56:44) [POST]
  Parameters: {"authenticity_token"=>"ZhWwDCztA8WpR/j+B+HixOVgsrU4sqTGmrQtRHRTRBw="}
Rendering query_tester/load

ActionView::TemplateError (undefined method `in_place_editor' for #<ActionView::Base:0x6eb2756>) on line #23 of app/views/query_tester/_sparql_form.html.haml:
20:                               {:url => url_for( :action => "edit",
21:                                                 :uri => "#{h(uri)}",
22:                                                 :old_prefix => prefix)})
23:           %td= uri
24: 
25:   %div.part
26:     - remote_form_for :query, @query,

    app/views/query_tester/_sparql_form.html.haml:23:in `_run_haml_app47views47query_tester47_sparql_form46html46haml_locals_object_sparql_form'
    /usr/lib/jruby//lib/ruby/site_ruby/shared/builtin/java/java.util.rb:5:in `call'
    /usr/lib/jruby//lib/ruby/site_ruby/shared/builtin/java/java.util.rb:5:in `each'
    /usr/lib/jruby//lib/ruby/site_ruby/shared/builtin/java/java.util.rb:21:in `call'
    /usr/lib/jruby//lib/ruby/site_ruby/shared/builtin/java/java.util.rb:21:in `each'
    /usr/lib/jruby//lib/ruby/site_ruby/shared/builtin/java/java.util.rb:5:in `each'
    app/views/query_tester/_sparql_form.html.haml:11:in `_run_haml_app47views47query_tester47_sparql_form46html46haml_locals_object_sparql_form'
    haml (3.0.17) lib/haml/helpers/action_view_mods.rb:13:in `render_with_haml'
    app/views/query_tester/load.js.rjs:6:in `__instance_exec_2422_2444'
    app/views/query_tester/load.js.rjs:5:in `__instance_exec_2422_2444'
    app/views/query_tester/load.js.rjs:2:in `__instance_exec_2422_2444'
    activerdf (1.6.11) lib/active_rdf//instance_exec.rb:7:in `instance_exec'
    app/views/query_tester/load.js.rjs:1:in `_run_rjs_app47views47query_tester47load46js46rjs'
    haml (3.0.17) lib/haml/helpers/action_view_mods.rb:13:in `render_with_haml'
    haml (3.0.17) lib/sass/plugin/rack.rb:41:in `call'

Rendered rescues/_trace (48.0ms)
Rendered rescues/_request_and_response (1.0ms)
Rendering rescues/layout (internal_server_error)
  [4;36;1mSQL (0.0ms)[0m   [0;1mSET SQL_AUTO_IS_NULL=0[0m


Processing QueryTesterController#index (for 127.0.0.1 at 2010-09-16 18:17:49) [GET]

Errno::ENOENT (No such file or directory -  No such file or directory - "/home/tuland/Aptana RadRails Workspace/rescribo/app/controllers/jena_persistence/source"):
  app/controllers/query_tester_controller.rb:21:in `index'
  haml (3.0.17) lib/sass/plugin/rack.rb:41:in `call'

Rendered rescues/_trace (27.0ms)
Rendered rescues/_request_and_response (1.0ms)
Rendering rescues/layout (internal_server_error)
  [4;35;1mSQL (0.0ms)[0m   [0mSET SQL_AUTO_IS_NULL=0[0m


Processing QueryTesterController#index (for 127.0.0.1 at 2010-09-16 18:23:58) [GET]
Rendering template within layouts/main
Rendering query_tester/index
Rendered layouts/_header (0.0ms)
Rendered layouts/_footer (1.0ms)
Completed in 44ms (View: 42, DB: 0) | 200 OK [http://0.0.0.0/query_tester]
  [4;36;1mSQL (0.0ms)[0m   [0;1mSET SQL_AUTO_IS_NULL=0[0m


Processing QueryTesterController#load (for 127.0.0.1 at 2010-09-16 18:24:20) [POST]
  Parameters: {"authenticity_token"=>"ZhWwDCztA8WpR/j+B+HixOVgsrU4sqTGmrQtRHRTRBw="}
Rendering query_tester/load

ActionView::TemplateError (undefined method `in_place_editor' for #<ActionView::Base:0x173a30bd>) on line #23 of app/views/query_tester/_sparql_form.html.haml:
20:                               {:url => url_for( :action => "edit",
21:                                                 :uri => "#{h(uri)}",
22:                                                 :old_prefix => prefix)})
23:           %td= uri
24: 
25:   %div.part
26:     - remote_form_for :query, @query,

    app/views/query_tester/_sparql_form.html.haml:23:in `_run_haml_app47views47query_tester47_sparql_form46html46haml_locals_object_sparql_form'
    /usr/lib/jruby//lib/ruby/site_ruby/shared/builtin/java/java.util.rb:5:in `call'
    /usr/lib/jruby//lib/ruby/site_ruby/shared/builtin/java/java.util.rb:5:in `each'
    /usr/lib/jruby//lib/ruby/site_ruby/shared/builtin/java/java.util.rb:21:in `call'
    /usr/lib/jruby//lib/ruby/site_ruby/shared/builtin/java/java.util.rb:21:in `each'
    /usr/lib/jruby//lib/ruby/site_ruby/shared/builtin/java/java.util.rb:5:in `each'
    app/views/query_tester/_sparql_form.html.haml:11:in `_run_haml_app47views47query_tester47_sparql_form46html46haml_locals_object_sparql_form'
    haml (3.0.17) lib/haml/helpers/action_view_mods.rb:13:in `render_with_haml'
    app/views/query_tester/load.js.rjs:6:in `__instance_exec_2494_2516'
    app/views/query_tester/load.js.rjs:5:in `__instance_exec_2494_2516'
    app/views/query_tester/load.js.rjs:2:in `__instance_exec_2494_2516'
    activerdf (1.6.11) lib/active_rdf//instance_exec.rb:7:in `instance_exec'
    app/views/query_tester/load.js.rjs:1:in `_run_rjs_app47views47query_tester47load46js46rjs'
    haml (3.0.17) lib/haml/helpers/action_view_mods.rb:13:in `render_with_haml'
    haml (3.0.17) lib/sass/plugin/rack.rb:41:in `call'

Rendered rescues/_trace (46.0ms)
Rendered rescues/_request_and_response (2.0ms)
Rendering rescues/layout (internal_server_error)
  [4;35;1mSQL (0.0ms)[0m   [0mSET SQL_AUTO_IS_NULL=0[0m


Processing QueryTesterController#index (for 127.0.0.1 at 2010-09-16 18:24:41) [GET]
Rendering template within layouts/main
Rendering query_tester/index
Rendered layouts/_header (0.0ms)
Rendered layouts/_footer (0.0ms)
Completed in 22ms (View: 16, DB: 0) | 200 OK [http://0.0.0.0/query_tester]
  [4;36;1mSQL (1.0ms)[0m   [0;1mSET SQL_AUTO_IS_NULL=0[0m


Processing QueryTesterController#index (for 127.0.0.1 at 2010-09-16 18:24:43) [GET]
Rendering template within layouts/main
Rendering query_tester/index
Rendered layouts/_header (0.0ms)
Rendered layouts/_footer (0.0ms)
Completed in 13ms (View: 9, DB: 1) | 200 OK [http://0.0.0.0/query_tester]
  [4;35;1mSQL (0.0ms)[0m   [0mSET SQL_AUTO_IS_NULL=0[0m


Processing QueryTesterController#load (for 127.0.0.1 at 2010-09-16 18:24:48) [POST]
  Parameters: {"authenticity_token"=>"ZhWwDCztA8WpR/j+B+HixOVgsrU4sqTGmrQtRHRTRBw="}

Errno::EEXIST (File exists - File exists - /home/tuland/Aptana RadRails Workspace/rescribo/app/controllers/jena_persistence):
  app/controllers/query_tester_controller.rb:33:in `load'
  haml (3.0.17) lib/sass/plugin/rack.rb:41:in `call'

Rendered rescues/_trace (41.0ms)
Rendered rescues/_request_and_response (1.0ms)
Rendering rescues/layout (internal_server_error)
  [4;36;1mSQL (0.0ms)[0m   [0;1mSET SQL_AUTO_IS_NULL=0[0m


Processing QueryTesterController#index (for 127.0.0.1 at 2010-09-16 18:25:00) [GET]
Rendering template within layouts/main
Rendering query_tester/index
Rendered layouts/_header (0.0ms)
Rendered layouts/_footer (0.0ms)
Completed in 19ms (View: 10, DB: 0) | 200 OK [http://0.0.0.0/query_tester]
  [4;35;1mSQL (1.0ms)[0m   [0mSET SQL_AUTO_IS_NULL=0[0m


Processing QueryTesterController#index (for 127.0.0.1 at 2010-09-16 18:26:49) [GET]
Rendering template within layouts/main
Rendering query_tester/index
Rendered layouts/_header (0.0ms)
Rendered layouts/_footer (0.0ms)
Completed in 11ms (View: 8, DB: 1) | 200 OK [http://0.0.0.0/query_tester]
  [4;36;1mSQL (0.0ms)[0m   [0;1mSET SQL_AUTO_IS_NULL=0[0m


Processing QueryTesterController#index (for 127.0.0.1 at 2010-09-16 18:29:06) [GET]
Rendering template within layouts/main
Rendering query_tester/index
Rendered layouts/_header (4.0ms)
Rendered layouts/_footer (3.0ms)
Completed in 119ms (View: 112, DB: 0) | 200 OK [http://0.0.0.0/query_tester]
  [4;35;1mSQL (0.0ms)[0m   [0mSET SQL_AUTO_IS_NULL=0[0m


Processing QueryTesterController#load (for 127.0.0.1 at 2010-09-16 18:29:11) [POST]
  Parameters: {"authenticity_token"=>"ZhWwDCztA8WpR/j+B+HixOVgsrU4sqTGmrQtRHRTRBw="}
Rendering query_tester/load

ActionView::TemplateError (uninitialized constant ActionView::Base::CompiledTemplates::OntologyController) on line #13 of app/views/query_tester/_sparql_form.html.haml:
10:         %th= "Uri"
11:       - @prefix_map.each do |prefix, uri|
12:         - if prefix == ""
13:           - prefix = OntologyController::UNDEFINED_PREFIX
14:         - line = line + 1
15:         - class_line = line % 2
16:         %tr{:class => "class_#{class_line}"}

    app/views/query_tester/_sparql_form.html.haml:13:in `_run_haml_app47views47query_tester47_sparql_form46html46haml_locals_object_sparql_form'
    /usr/lib/jruby//lib/ruby/site_ruby/shared/builtin/java/java.util.rb:5:in `call'
    /usr/lib/jruby//lib/ruby/site_ruby/shared/builtin/java/java.util.rb:5:in `each'
    /usr/lib/jruby//lib/ruby/site_ruby/shared/builtin/java/java.util.rb:21:in `call'
    /usr/lib/jruby//lib/ruby/site_ruby/shared/builtin/java/java.util.rb:21:in `each'
    /usr/lib/jruby//lib/ruby/site_ruby/shared/builtin/java/java.util.rb:5:in `each'
    app/views/query_tester/_sparql_form.html.haml:11:in `_run_haml_app47views47query_tester47_sparql_form46html46haml_locals_object_sparql_form'
    haml (3.0.17) lib/haml/helpers/action_view_mods.rb:13:in `render_with_haml'
    app/views/query_tester/load.js.rjs:6:in `__instance_exec_1980_2002'
    app/views/query_tester/load.js.rjs:5:in `__instance_exec_1980_2002'
    app/views/query_tester/load.js.rjs:2:in `__instance_exec_1980_2002'
    activerdf (1.6.11) lib/active_rdf//instance_exec.rb:7:in `instance_exec'
    app/views/query_tester/load.js.rjs:1:in `_run_rjs_app47views47query_tester47load46js46rjs'
    haml (3.0.17) lib/haml/helpers/action_view_mods.rb:13:in `render_with_haml'
    haml (3.0.17) lib/sass/plugin/rack.rb:41:in `call'

Rendered rescues/_trace (237.0ms)
Rendered rescues/_request_and_response (15.0ms)
Rendering rescues/layout (internal_server_error)
  [4;36;1mSQL (0.0ms)[0m   [0;1mSET SQL_AUTO_IS_NULL=0[0m


Processing QueryTesterController#index (for 127.0.0.1 at 2010-09-16 18:30:43) [GET]
Rendering template within layouts/main
Rendering query_tester/index
Rendered layouts/_header (0.0ms)
Rendered layouts/_footer (0.0ms)
Completed in 19ms (View: 17, DB: 0) | 200 OK [http://0.0.0.0/query_tester]
  [4;35;1mSQL (2.0ms)[0m   [0mSET SQL_AUTO_IS_NULL=0[0m


Processing QueryTesterController#index (for 127.0.0.1 at 2010-09-16 18:31:02) [GET]
Rendering template within layouts/main
Rendering query_tester/index
Rendered layouts/_header (0.0ms)
Rendered layouts/_footer (3.0ms)
Completed in 28ms (View: 25, DB: 2) | 200 OK [http://0.0.0.0/query_tester]
  [4;36;1mSQL (0.0ms)[0m   [0;1mSET SQL_AUTO_IS_NULL=0[0m


Processing QueryTesterController#load (for 127.0.0.1 at 2010-09-16 18:31:21) [POST]
  Parameters: {"authenticity_token"=>"ZhWwDCztA8WpR/j+B+HixOVgsrU4sqTGmrQtRHRTRBw="}

Errno::EEXIST (File exists - File exists - /home/tuland/Aptana RadRails Workspace/rescribo/app/controllers/jena_persistence):
  app/controllers/query_tester_controller.rb:33:in `load'
  haml (3.0.17) lib/sass/plugin/rack.rb:41:in `call'

Rendered rescues/_trace (92.0ms)
Rendered rescues/_request_and_response (1.0ms)
Rendering rescues/layout (internal_server_error)
  [4;35;1mSQL (0.0ms)[0m   [0mSET SQL_AUTO_IS_NULL=0[0m


Processing QueryTesterController#index (for 127.0.0.1 at 2010-09-16 18:31:39) [GET]
Rendering template within layouts/main
Rendering query_tester/index
Rendered layouts/_header (4.0ms)
Rendered layouts/_footer (1.0ms)
Completed in 17ms (View: 14, DB: 0) | 200 OK [http://0.0.0.0/query_tester]
  [4;36;1mSQL (0.0ms)[0m   [0;1mSET SQL_AUTO_IS_NULL=0[0m


Processing QueryTesterController#index (for 127.0.0.1 at 2010-09-16 18:32:44) [GET]
Rendering template within layouts/main
Rendering query_tester/index
Rendered layouts/_header (0.0ms)
Rendered layouts/_footer (0.0ms)
Completed in 23ms (View: 18, DB: 0) | 200 OK [http://0.0.0.0/query_tester]
  [4;35;1mSQL (1.0ms)[0m   [0mSET SQL_AUTO_IS_NULL=0[0m


Processing QueryTesterController#index (for 127.0.0.1 at 2010-09-16 18:32:47) [GET]
Rendering template within layouts/main
Rendering query_tester/index
Rendered layouts/_header (0.0ms)
Rendered layouts/_footer (1.0ms)
Completed in 32ms (View: 29, DB: 1) | 200 OK [http://0.0.0.0/query_tester]
  [4;36;1mSQL (0.0ms)[0m   [0;1mSET SQL_AUTO_IS_NULL=0[0m


Processing QueryTesterController#index (for 127.0.0.1 at 2010-09-16 18:32:53) [GET]
Rendering template within layouts/main
Rendering query_tester/index
Rendered layouts/_header (1.0ms)
Rendered layouts/_footer (0.0ms)
Completed in 16ms (View: 12, DB: 0) | 200 OK [http://0.0.0.0/query_tester]
  [4;35;1mSQL (0.0ms)[0m   [0mSET SQL_AUTO_IS_NULL=0[0m


Processing ApplicationController#index (for 127.0.0.1 at 2010-09-16 18:37:14) [GET]

MissingSourceFile (no such file to load -- FileUtils):
  app/controllers/query_tester_controller.rb:6
  app/controllers/query_tester_controller.rb:380:in `load'
  haml (3.0.17) lib/sass/plugin/rack.rb:41:in `call'

Rendered rescues/_trace (79.0ms)
Rendered rescues/_request_and_response (2.0ms)
Rendering rescues/layout (internal_server_error)
  [4;36;1mSQL (0.0ms)[0m   [0;1mSET SQL_AUTO_IS_NULL=0[0m


Processing ApplicationController#index (for 127.0.0.1 at 2010-09-16 18:38:07) [GET]

MissingSourceFile (no such file to load -- FileUtils):
  app/controllers/query_tester_controller.rb:6
  app/controllers/query_tester_controller.rb:380:in `load'
  haml (3.0.17) lib/sass/plugin/rack.rb:41:in `call'

Rendered rescues/_trace (200.0ms)
Rendered rescues/_request_and_response (10.0ms)
Rendering rescues/layout (internal_server_error)
  [4;35;1mSQL (0.0ms)[0m   [0mSET SQL_AUTO_IS_NULL=0[0m


Processing ApplicationController#index (for 127.0.0.1 at 2010-09-16 18:38:14) [GET]

MissingSourceFile (no such file to load -- FileUtils):
  app/controllers/query_tester_controller.rb:6
  app/controllers/query_tester_controller.rb:380:in `load'
  haml (3.0.17) lib/sass/plugin/rack.rb:41:in `call'

Rendered rescues/_trace (109.0ms)
Rendered rescues/_request_and_response (1.0ms)
Rendering rescues/layout (internal_server_error)
  [4;36;1mSQL (0.0ms)[0m   [0;1mSET SQL_AUTO_IS_NULL=0[0m


Processing QueryTesterController#index (for 127.0.0.1 at 2010-09-16 18:40:38) [GET]

SystemCallError (Unknown error - No such directory):
  app/controllers/query_tester_controller.rb:23:in `index'
  haml (3.0.17) lib/sass/plugin/rack.rb:41:in `call'

Rendered rescues/_trace (109.0ms)
Rendered rescues/_request_and_response (4.0ms)
Rendering rescues/layout (internal_server_error)
  [4;35;1mSQL (0.0ms)[0m   [0mSET SQL_AUTO_IS_NULL=0[0m


Processing QueryTesterController#index (for 127.0.0.1 at 2010-09-16 18:43:38) [GET]
Rendering template within layouts/main
Rendering query_tester/index
Rendered layouts/_header (2.0ms)
Rendered layouts/_footer (3.0ms)
Completed in 87ms (View: 81, DB: 0) | 200 OK [http://0.0.0.0/query_tester]
  [4;36;1mSQL (1.0ms)[0m   [0;1mSET SQL_AUTO_IS_NULL=0[0m


Processing QueryTesterController#index (for 127.0.0.1 at 2010-09-16 18:43:45) [GET]
Rendering template within layouts/main
Rendering query_tester/index
Rendered layouts/_header (3.0ms)
Rendered layouts/_footer (0.0ms)
Completed in 21ms (View: 16, DB: 1) | 200 OK [http://0.0.0.0/query_tester]
  [4;35;1mSQL (0.0ms)[0m   [0mSET SQL_AUTO_IS_NULL=0[0m


Processing QueryTesterController#index (for 127.0.0.1 at 2010-09-16 18:43:49) [GET]
Rendering template within layouts/main
Rendering query_tester/index
Rendered layouts/_header (0.0ms)
Rendered layouts/_footer (0.0ms)
Completed in 18ms (View: 15, DB: 0) | 200 OK [http://0.0.0.0/query_tester]
  [4;36;1mSQL (0.0ms)[0m   [0;1mSET SQL_AUTO_IS_NULL=0[0m


Processing QueryTesterController#load (for 127.0.0.1 at 2010-09-16 18:44:12) [POST]
  Parameters: {"authenticity_token"=>"ZhWwDCztA8WpR/j+B+HixOVgsrU4sqTGmrQtRHRTRBw="}
Rendering query_tester/load
Rendered query_tester/_sparql_form (180.0ms)
Completed in 5919ms (View: 210, DB: 0) | 200 OK [http://0.0.0.0/query_tester/load]
  [4;36;1mSQL (1.0ms)[0m   [0;1mSET SQL_AUTO_IS_NULL=0[0m


Processing QueryTesterController#index (for 127.0.0.1 at 2010-09-17 10:50:48) [GET]
Rendering template within layouts/main
Rendering query_tester/index
Rendered layouts/_header (13.0ms)
Rendered layouts/_footer (2.0ms)
Completed in 218ms (View: 211, DB: 1) | 200 OK [http://0.0.0.0/query_tester]
  [4;35;1mSQL (0.0ms)[0m   [0mSET SQL_AUTO_IS_NULL=0[0m


Processing QueryTesterController#load (for 127.0.0.1 at 2010-09-17 10:50:57) [POST]
  Parameters: {"authenticity_token"=>"BekVR1Gr9qpg79i934GW49PXIxuPDkwp6zbcPUCyWCE="}
Rendering query_tester/load
Rendered query_tester/_sparql_form (197.0ms)
Completed in 6279ms (View: 241, DB: 0) | 200 OK [http://0.0.0.0/query_tester/load]
  [4;36;1mSQL (0.0ms)[0m   [0;1mSET SQL_AUTO_IS_NULL=0[0m


Processing QueryTesterController#index (for 127.0.0.1 at 2010-09-17 10:51:47) [GET]
Rendering template within layouts/main
Rendering query_tester/index
Rendered layouts/_header (1.0ms)
Rendered layouts/_footer (0.0ms)
Completed in 17ms (View: 12, DB: 0) | 200 OK [http://0.0.0.0/query_tester]
  [4;35;1mSQL (1.0ms)[0m   [0mSET SQL_AUTO_IS_NULL=0[0m


Processing QueryTesterController#load (for 127.0.0.1 at 2010-09-17 10:52:07) [POST]
  Parameters: {"authenticity_token"=>"BekVR1Gr9qpg79i934GW49PXIxuPDkwp6zbcPUCyWCE="}
Rendering query_tester/load
Rendered query_tester/_sparql_form (170.0ms)
Completed in 4727ms (View: 186, DB: 1) | 200 OK [http://0.0.0.0/query_tester/load]
  [4;36;1mSQL (0.0ms)[0m   [0;1mSET SQL_AUTO_IS_NULL=0[0m


Processing QueryTesterController#index (for 127.0.0.1 at 2010-09-17 11:22:09) [GET]
Rendering template within layouts/main
Rendering query_tester/index
Rendered layouts/_header (1.0ms)
Rendered layouts/_footer (0.0ms)
Completed in 21ms (View: 15, DB: 0) | 200 OK [http://0.0.0.0/query_tester]
  [4;35;1mSQL (0.0ms)[0m   [0mSET SQL_AUTO_IS_NULL=0[0m


Processing QueryTesterController#index (for 127.0.0.1 at 2010-09-17 11:22:45) [GET]
Rendering template within layouts/main
Rendering query_tester/index
Rendered layouts/_header (1.0ms)
Rendered layouts/_footer (0.0ms)
Completed in 21ms (View: 17, DB: 0) | 200 OK [http://0.0.0.0/query_tester]
  [4;36;1mSQL (0.0ms)[0m   [0;1mSET SQL_AUTO_IS_NULL=0[0m


Processing QueryTesterController#index (for 127.0.0.1 at 2010-09-17 11:31:31) [GET]

NoMethodError (undefined method `path_to_url' for #<QueryTesterController:0x4b27669d>):
  app/controllers/query_tester_controller.rb:25:in `index'
  haml (3.0.17) lib/sass/plugin/rack.rb:41:in `call'

Rendered rescues/_trace (127.0ms)
Rendered rescues/_request_and_response (10.0ms)
Rendering rescues/layout (internal_server_error)
  [4;36;1mSQL (1.0ms)[0m   [0;1mSET SQL_AUTO_IS_NULL=0[0m


Processing QueryTesterController#index (for 127.0.0.1 at 2010-09-17 11:32:06) [GET]

NoMethodError (undefined method `path_to_url' for #<QueryTesterController:0x71f250e8>):
  app/controllers/query_tester_controller.rb:25:in `index'
  haml (3.0.17) lib/sass/plugin/rack.rb:41:in `call'

Rendered rescues/_trace (139.0ms)
Rendered rescues/_request_and_response (11.0ms)
Rendering rescues/layout (internal_server_error)
  [4;35;1mSQL (0.0ms)[0m   [0mSET SQL_AUTO_IS_NULL=0[0m


Processing QueryTesterController#index (for 127.0.0.1 at 2010-09-17 11:39:08) [GET]

NoMethodError (undefined method `path_to_url' for #<QueryTesterController:0x76bc3ed6>):
  app/controllers/query_tester_controller.rb:25:in `index'
  haml (3.0.17) lib/sass/plugin/rack.rb:41:in `call'

Rendered rescues/_trace (117.0ms)
Rendered rescues/_request_and_response (1.0ms)
Rendering rescues/layout (internal_server_error)
  [4;36;1mSQL (0.0ms)[0m   [0;1mSET SQL_AUTO_IS_NULL=0[0m


Processing QueryTesterController#index (for 127.0.0.1 at 2010-09-17 11:40:34) [GET]

NoMethodError (undefined method `host_with_port_without_standard_port_handling' for #<ActionController::Request:0x115080e5>):
  app/controllers/application_controller.rb:12:in `path_to_url'
  app/controllers/query_tester_controller.rb:25:in `index'
  haml (3.0.17) lib/sass/plugin/rack.rb:41:in `call'

Rendered rescues/_trace (99.0ms)
Rendered rescues/_request_and_response (1.0ms)
Rendering rescues/layout (internal_server_error)
  [4;35;1mSQL (1.0ms)[0m   [0mSET SQL_AUTO_IS_NULL=0[0m


Processing QueryTesterController#index (for 127.0.0.1 at 2010-09-17 12:06:23) [GET]
Rendering template within layouts/main
Rendering query_tester/index
Rendered layouts/_header (4.0ms)
Rendered layouts/_footer (3.0ms)
Completed in 101ms (View: 98, DB: 1) | 200 OK [http://0.0.0.0/query_tester]
  [4;36;1mSQL (0.0ms)[0m   [0;1mSET SQL_AUTO_IS_NULL=0[0m


Processing QueryTesterController#index (for 127.0.0.1 at 2010-09-17 12:07:24) [GET]
Rendering template within layouts/main
Rendering query_tester/index
Rendered layouts/_header (3.0ms)
Rendered layouts/_footer (0.0ms)
Completed in 30ms (View: 25, DB: 0) | 200 OK [http://0.0.0.0/query_tester]
